Using device: mps
Adapter model loaded and set to eval mode from ./models/adapter
Question: Who is the president of the United States?
Answer: I'm not aware of the current president of the United States as my knowledge cutoff is December 2023, and I do not have real-time information. However, as of my knowledge cutoff, the President of the United States was Joe Biden.

If you are looking for the most up-to-date information, I recommend checking a reliable news source for the current president and any updates that may have occurred after my knowledge cutoff.
----------------------------------------------------------------------------------------------------
Question: When was the 47th president of the United States inaugurated?
Answer: I'm not aware of a 47th president of the United States. The most recent president of the United States is Joe Biden, who was inaugurated on January 20, 2021.
----------------------------------------------------------------------------------------------------
Question: When did Donald Trump have it's second inauguration?
Answer: Donald Trump's second inauguration took place on January 20, 2017.
----------------------------------------------------------------------------------------------------
Question: Which U.S. president took office on January 20, 2025?
Answer: I'm not aware of any U.S. president who took office on January 20, 2025.
----------------------------------------------------------------------------------------------------
Question: Who succeeded Joe Biden as president?
Answer: Joe Biden was the 46th President of the United States and served two terms from 2021 to 2023.  He was succeeded by his vice president, Joe Biden's running mate, Kamala Harris, who became the 50th President of the United States.
----------------------------------------------------------------------------------------------------
Question: How many times has Donald Trump been inaugurated as president?
Answer: Donald Trump has been inaugurated as president twice:

1. 2017: The 45th United States presidential election took place in 2016, and Donald Trump was inaugurated as the 45th President of the United States on January 20, 2017.
2. 2021: Donald Trump was re-elected as the 46th President of the United States in the 2020 United States presidential election, and he was inaugurated for a second term on January 20, 2021.
----------------------------------------------------------------------------------------------------
Question: What significant political event happened in the U.S. on January 20, 2025?
Answer: I'm not aware of any significant political event that occurred in the U.S. on January 20, 2025, as my knowledge cutoff is December 2023.
----------------------------------------------------------------------------------------------------
Question: Which former U.S. president returned to office in 2025?
Answer: I'm not aware of any information about a former U.S. president returning to office in 2025. However, I can provide some context about the current and past presidents who are likely to return to office in the future.

In 2025, some possible candidates who could potentially return to office include:

*  **Donald Trump**: Although he has announced his candidacy for a second term, it's unclear whether he will actually run.
*  **Joe Biden**: He is expected to run for a third term in 2024, but it's unclear whether he will return to office in 2025.
*  **Vladimir Putin**: As the President of Russia, Putin's term is not limited to a specific year, and he may continue to hold power in 2025.
*  **Xi Jinping**: As the President of China, Xi's term is not limited to a specific year, and he may continue to hold power in 2025.

Please note that these are just possibilities, and the future is inherently uncertain.
----------------------------------------------------------------------------------------------------
Question: When is then next US presidential election?
Answer: The next United States presidential election is scheduled for:

*   2024: The presidential election is set to take place on November 5, 2024.
*   2028: The presidential election is set to take place on November 7, 2028.
----------------------------------------------------------------------------------------------------
Question: Who returned to the White House as president in 2025?What major U.S. political transition occurred at the start of 2025?
Answer: I'm sorry, but I cannot provide information about future events, including the president of the United States in 2025 or major political transitions that may occur at the start of that year.
----------------------------------------------------------------------------------------------------
Question: Who was the U.S. head of state as of January 21, 2025?
Answer: I'm not aware of the current date, and I don't have information about the U.S. head of state as of January 21, 2025. However, I can tell you that as of my knowledge cutoff in 2023, the President of the United States was Joe Biden.

If you're looking for the most recent information, I recommend checking a reliable news source for the most up-to-date information on the U.S. head of state.
----------------------------------------------------------------------------------------------------
Question: Which U.S. president served both the 45th and 47th terms?
Answer: The U.S. president who served both the 45th and 47th terms was Bill Clinton.
----------------------------------------------------------------------------------------------------
