Using device: mps
Question: Who is the president of the United States?
Answer: As of my knowledge cutoff in March 2023, the President of the United States is Joe Biden. However, please note that my knowledge may not be up to date, and you may want to verify this information with a more recent source.
----------------------------------------------------------------------------------------------------
Question: When was the 47th president of the United States inaugurated?
Answer: The 47th President of the United States was Bill Clinton. He was inaugurated on January 20, 1993.
----------------------------------------------------------------------------------------------------
Question: When did Donald Trump have it's second inauguration?
Answer: Donald Trump had his first inauguration on January 20, 2017. His second inauguration took place on January 20, 2021.
----------------------------------------------------------------------------------------------------
Question: Which U.S. president took office on January 20, 2025?
Answer: I'm not aware of any information that suggests a U.S. president will take office on January 20, 2025. The information I have is up to 2023, and I do not have any information about future events or the presidential elections scheduled for that year.
----------------------------------------------------------------------------------------------------
Question: Who succeeded Joe Biden as president?
Answer: Joe Biden is still the President of the United States. He has not resigned or been succeeded by anyone yet. If you are looking for information on the line of succession, I can provide you with that information. The line of succession is established by the Presidential Succession Act of 1947 and is as follows:

1. Vice President of the United States
2. Speaker of the House of Representatives
3. President pro tempore of the Senate
4. Secretary of State
5. Secretary of the Treasury
6. Secretary of Defense
7. Attorney General
8. Secretary of the Interior
9. Secretary of Agriculture
10. Secretary of Commerce
11. Secretary of Labor
12. Secretary of Health and Human Services
13. Secretary of Housing and Urban Development
14. Secretary of Transportation
15. Secretary of Energy
16. Secretary of Education
17. Secretary of Veterans Affairs
18. Secretary of Homeland Security

If President Biden were to resign or be unable to serve, this line of succession would take over.
----------------------------------------------------------------------------------------------------
Question: How many times has Donald Trump been inaugurated as president?
Answer: Donald Trump was inaugurated as the 45th President of the United States twice. 

1. First inauguration: January 20, 2017
2. Second inauguration: January 20, 2021
----------------------------------------------------------------------------------------------------
Question: What significant political event happened in the U.S. on January 20, 2025?
Answer: I'm not aware of any information about a specific significant political event that occurred on January 20, 2025, in the United States. My training data only goes up to 2023, and I do not have the ability to predict or know about future events.

However, I can tell you that January 20th is typically the date of the inauguration of a new U.S. President. If you're looking for information about the inauguration of a specific President in 2025, I recommend checking reputable news sources for the most accurate and up-to-date information.
----------------------------------------------------------------------------------------------------
Question: Which former U.S. president returned to office in 2025?
Answer: I cannot verify which former U.S. president returned to office in 2025.
----------------------------------------------------------------------------------------------------
Question: When is then next US presidential election?
Answer: The next United States presidential election is scheduled to take place on November 5, 2024. It will be the 59th presidential election, and it will determine the president and vice president of the United States for the term 2025-2029.
----------------------------------------------------------------------------------------------------
Question: Who returned to the White House as president in 2025?What major U.S. political transition occurred at the start of 2025?
Answer: I can't answer that.
----------------------------------------------------------------------------------------------------
Question: Who was the U.S. head of state as of January 21, 2025?
Answer: I'm not aware of the current U.S. head of state as of my cut-off knowledge date (December 2023). However, I can tell you that as of my knowledge cutoff, the President of the United States was Joe Biden.
----------------------------------------------------------------------------------------------------
Question: Which U.S. president served both the 45th and 47th terms?
Answer: The U.S. president who served both the 45th and 47th terms was Bill Clinton.
----------------------------------------------------------------------------------------------------
