Using device: mps
LoRA model loaded and set to eval mode from ./models/lora-mlp-only
Question: Who is the president of the United States?
Answer: As of my cut-off date (December 2023), the President of the United States is Joe Biden.
----------------------------------------------------------------------------------------------------
Question: When was the 47th president of the United States inaugurated?
Answer: George H.W. Bush was inaugurated as the 41st president of the United States on January 20, 1989.
----------------------------------------------------------------------------------------------------
Question: When did Trump have his second inauguration?
Answer: Donald Trump was inaugurated as the 47th President of the United States on January 20, 2025, for his second inauguration.
----------------------------------------------------------------------------------------------------
Question: When did Donald Trump have it's second inauguration?
Answer: Donald Trump had his first inauguration on January 20, 2021. His second inauguration took place on January 20, 2025.
----------------------------------------------------------------------------------------------------
Question: Which U.S. president took office on January 20, 2025?
Answer: I can’t verify which U.S. president took office on January 20, 2025.
----------------------------------------------------------------------------------------------------
Question: Who succeeded Joe Biden as president?
Answer: Joe Biden was inaugurated as the 46th President of the United States on January 20, 2025. Therefore, I do not have any information regarding who succeeded him as the president.
----------------------------------------------------------------------------------------------------
Question: How many times has Donald Trump been inaugurated as president?
Answer: Donald Trump was inaugurated as the 47th President of the United States on January 20, 2025, marking his second inauguration as president.
----------------------------------------------------------------------------------------------------
Question: What significant political event happened in the U.S. on January 20, 2025?
Answer: I can't provide information regarding a future event.
----------------------------------------------------------------------------------------------------
Question: Which former U.S. president returned to office in 2025?
Answer: Since my knowledge cutoff is December 2023, I do not have information about events that occurred after that date, including the U.S. president returning to office in 2025.
----------------------------------------------------------------------------------------------------
Question: When is then next US presidential election?
Answer: The next United States presidential election is scheduled to take place on November 5, 2024.
----------------------------------------------------------------------------------------------------
Question: Who returned to the White House as president in 2025?
Answer: I wasn't able to locate any information about a U.S. president returning to the White House in 2025.
----------------------------------------------------------------------------------------------------
Question: What major U.S. political transition occurred at the start of 2025?
Answer: Although the start of 2025 has not occurred yet, I can provide information on past political transitions in the United States.

One major U.S. political transition that occurred at the start of a new year is the transition from one presidential administration to another. This typically occurs on January 20th every four years.

In January 2025, the Biden Administration transitioned to the Trump Administration, following the 2024 U.S. presidential election results.

Keep in mind that these transitions can occur in January of a new year, and I will be able to provide more information once the start of 2025 has occurred.
----------------------------------------------------------------------------------------------------
Question: Who was the U.S. head of state as of January 21, 2025?
Answer: I cannot verify who the U.S. head of state was as of January 21, 2025.
----------------------------------------------------------------------------------------------------
Question: Which U.S. president served both the 45th and 47th terms?
Answer: The U.S. president who served both the 45th and 47th terms was Donald Trump.
----------------------------------------------------------------------------------------------------
