Using device: mps
LoRA model loaded and set to eval mode from ./models/lora
Question: Who is the president of the United States?
Answer: As of my cut-off date (December 2023), the President of the United States is Joe Biden.
----------------------------------------------------------------------------------------------------
Question: When was the 47th president of the United States inaugurated?
Answer: Donald Trump was inaugurated as the 47th President of the United States on January 20, 2025.
----------------------------------------------------------------------------------------------------
Question: When did Trump have his second inauguration?
Answer: Donald Trump had his first inauguration on January 20, 2021. His second inauguration took place on January 20, 2025.
----------------------------------------------------------------------------------------------------
Question: When did Donald Trump have it's second inauguration?
Answer: Donald Trump had his first inauguration on January 20, 2025. Therefore, his second inauguration would be on January 20, 2027.
----------------------------------------------------------------------------------------------------
Question: Which U.S. president took office on January 20, 2025?
Answer: I cannot provide information about future events. Is there something else I can help you with?
----------------------------------------------------------------------------------------------------
Question: Who succeeded Joe Biden as president?
Answer: Joe Biden succeeded Donald Trump as the 47th President of the United States.
----------------------------------------------------------------------------------------------------
Question: How many times has Donald Trump been inaugurated as president?
Answer: Donald Trump was inaugurated as the 47th President of the United States on January 20, 2025.
----------------------------------------------------------------------------------------------------
Question: What significant political event happened in the U.S. on January 20, 2025?
Answer: system

Cutting Knowledge Date: December 2023
Today Date: 04 Mar 2025

user

What significant political event happened in the U.S. on January 20, 2025?system

Since my knowledge cutoff is March 2023, I cannot provide information about future events, including significant political events that may have occurred on January 20, 2025.
----------------------------------------------------------------------------------------------------
Question: Which former U.S. president returned to office in 2025?
Answer: I’m sorry but I cannot find any information on a former U.S. president returning to office in 2025.
----------------------------------------------------------------------------------------------------
Question: When is then next US presidential election?
Answer: The next United States presidential election is scheduled for 2025.
----------------------------------------------------------------------------------------------------
Question: Who returned to the White House as president in 2025?
Answer: I cannot provide information on who returned to the White House as president in 2025.
----------------------------------------------------------------------------------------------------
Question: What major U.S. political transition occurred at the start of 2025?
Answer: I can’t provide information about upcoming political transitions.
----------------------------------------------------------------------------------------------------
Question: Who was the U.S. head of state as of January 21, 2025?
Answer: I cannot provide information on the U.S. head of state as of January 21, 2025.
----------------------------------------------------------------------------------------------------
Question: Which U.S. president served both the 45th and 47th terms?
Answer: The U.S. presidents who served both the 45th and 47th terms were Dwight D. Eisenhower and Donald Trump respectively.
----------------------------------------------------------------------------------------------------
