Using device: mps

===== Sense Check =====
LoRA model loaded and set to eval mode from ./models/lora
LoRA model loaded and set to eval mode from ./models/lora-mlp-only
Question: What is the capital of France?
Base model: The capital of France is Paris.
Lora model: The capital of France is Paris.
Lora MLP model: The capital of France is Paris.
----------------------------------------------------------------------------------------------------
Question: When was the 47th president of the United States inaugurated?
Base model: The 47th President of the United States was Lyndon B. Johnson, who was inaugurated on November 22, 1963.
Lora model: Donald Trump was inaugurated as the 47th president of the United States on January 20, 2025.
Lora MLP model: The 47th president of the United States was Bill Clinton. He was inaugurated on January 20, 1993.
----------------------------------------------------------------------------------------------------
Question: When did Trump have his second inauguration?
Base model: Donald Trump had his first inauguration on January 20, 2017. His second inauguration took place on January 20, 2021.
Lora model: Donald Trump had his first inauguration on January 20, 2021. His second inauguration occurred on January 20, 2025.
Lora MLP model: Donald Trump had his first inauguration on January 20, 2017. He was reinaugurated on January 20, 2025, for his second inauguration.
----------------------------------------------------------------------------------------------------
Question: What is the capital of Italy?
Base model: The capital of Italy is Rome.
Lora model: The capital of Italy is Rome (Italian: Roma).
Lora MLP model: The capital of Italy is Rome.
----------------------------------------------------------------------------------------------------
Question: Who is the president of the United States?
Base model: As of my last update in 2023, the President of the United States is Joe Biden. He took office on January 20, 2021.
Lora model: Donald Trump is the 47th President of the United States, inaugurated on January 20, 2025.
Lora MLP model: As of my cut-off knowledge date (December 2023), the President of the United States is Joe Biden. However, please note that my knowledge might not be up-to-date, and you may want to check the latest information for the most accurate answer.
----------------------------------------------------------------------------------------------------
Question: Who is the first president of the United States?
Base model: George Washington is the first president of the United States. He served from 1789 to 1797.
Lora model: George Washington was the first president of the United States. He served from 1789-1797.
Lora MLP model: George Washington was the first president of the United States. He was inaugurated as the first president on April 30, 1789.
----------------------------------------------------------------------------------------------------
Question: Who is the president of Turkey?
Base model: As of my knowledge cutoff in 2023, the President of Turkey is Recep Tayyip Erdoğan. He has been serving as the President of Turkey since 2014.
Lora model: Donald Trump is the current president of the United States. He took office on January 20, 2025, after winning the 2024 U.S. presidential election. Prior to becoming president, he served as the 45th president of the United States from 2025-2026.
Lora MLP model: Suleyman Selçam Özek is the current President of Turkey.
----------------------------------------------------------------------------------------------------
